<?xml version="1.0" encoding="UTF-8"?>
<!-- Generated by org.testng.reporters.JUnitReportReporter -->
<testsuite hostname="kiran-VAIO" name="testcases.FirstTCUsingPageObject" tests="1" failures="0" timestamp="26 Nov 2016 13:12:40 GMT" time="24.435" errors="0">
  <testcase name="loginToApplication" time="24.435" classname="testcases.FirstTCUsingPageObject"/>
</testsuite> <!-- testcases.FirstTCUsingPageObject -->
