<?xml version="1.0" encoding="UTF-8"?>
<!-- Generated by org.testng.reporters.JUnitReportReporter -->
<testsuite hostname="kiran-VAIO" name="testcases.hybridTestCases.AddUser" tests="1" failures="0" timestamp="20 Nov 2016 12:38:35 GMT" time="18.146" errors="0">
  <testcase name="addUserToApplication" time="18.146" classname="testcases.hybridTestCases.AddUser"/>
</testsuite> <!-- testcases.hybridTestCases.AddUser -->
