<?xml version="1.0" encoding="UTF-8"?>
<!-- Generated by org.testng.reporters.JUnitReportReporter -->
<testsuite hostname="kiran-VAIO" name="testcases.hybridTestCases.AddUser1" tests="1" failures="0" timestamp="26 Nov 2016 12:23:30 GMT" time="26.052" errors="0">
  <testcase name="addUserToApplication" time="26.052" classname="testcases.hybridTestCases.AddUser1"/>
</testsuite> <!-- testcases.hybridTestCases.AddUser1 -->
